********************************************************************************
DUPLICATOR-LITE PACKAGE-LOG: 28 de October de 2022 17:07
NOTICE: Do NOT post to public sites or forums 
********************************************************************************
VERSION:	1.5.0
WORDPRESS:	6.0.3
PHP INFO:	8.1.2 | SAPI: apache2handler
SERVER:		Apache/2.4.52 (Win64) OpenSSL/1.1.1m PHP/8.1.2 
PHP TIME LIMIT: (0) no time limit imposed 
PHP MAX MEMORY: 4294967296 (512M default) 
MEMORY STACK: 50MB

********************************************************************************
DATABASE:
********************************************************************************
BUILD MODE:   MYSQLDUMP
MYSQLTIMEOUT: 5000
MYSQLDUMP:    Is Supported
SQL CREATED: 20221028_ichibandojo_c85727e35939dbbb7824_20221028170645_database.sql
SQL FILE SIZE: 13.69MB (14357962)
SQL FILE TIME: 2022-10-28 17:07:46
SQL RUNTIME: 37.80 sec.

********************************************************************************
ARCHIVE (ZIP):
********************************************************************************
ARCHIVE DIR:  C:/xampp/htdocs/ichiban-dojo
ARCHIVE FILE: 20221028_ichibandojo_c85727e35939dbbb7824_20221028170645_archive.zip
FILTERS: *OFF*
DIRS:
	not set
FILES:
	not set
EXTS:  not set
----------------------------------------
COMPRESSING
SIZE:	109.23MB
STATS:	Dirs 1,194 | Files 5,919
SQL ADDED: 20221028_ichibandojo_c85727e35939dbbb7824_20221028170645_database.sql
ZipArchive Object
(
    [lastId] => 7112
    [status] => 0
    [statusSys] => 0
    [numFiles] => 7113
    [filename] => C:\xampp\htdocs\ichiban-dojo\wp-content\backups-dup-lite\tmp\20221028_ichibandojo_c85727e35939dbbb7824_20221028170645_archive.zip
    [comment] => 
)

FILE ADDED TO ZIP: 7112
COMPRESSION RESULT: '1'
COMPRESSED SIZE: 40.48MB
ARCHIVE RUNTIME: 8.75 sec.
MEMORY STACK: 52MB
building installer
ARCHIVE CONSISTENCY TEST: PASS

********************************************************************************
INTEGRITY CHECKS:
********************************************************************************
SQL FILE: 13.69MB
INSTALLER FILE: 73.36KB
ARCHIVE FILE: 42.34MB 
EXPECTED FILE/DIRECTORY COUNT: 7,113
ACTUAL FILE/DIRECTORY COUNT: 7,112
ARCHIVE CONSISTENCY TEST: Pass

********************************************************************************
RECORD ID:[1]
TOTAL PROCESS RUNTIME: 47.96 sec.
PEAK PHP MEMORY USED: 54MB
DONE PROCESSING => 20221028_ichibandojo 28 de October de 2022 17:07

